c:\users\oskar\documents\skolgrejs\3dprog\03-d3d\debug\vc140.pdb
c:\users\oskar\documents\skolgrejs\3dprog\03-d3d\debug\vc140.idb
c:\users\oskar\documents\skolgrejs\3dprog\03-d3d\debug\main.obj
c:\users\oskar\documents\skolgrejs\3dprog\03-d3d\debug\fragment.cso
c:\users\oskar\documents\skolgrejs\3dprog\03-d3d\debug\vertex.cso
c:\users\oskar\documents\skolgrejs\3dprog\03-d3d\debug\demo.ilk
c:\users\oskar\documents\skolgrejs\3dprog\03-d3d\debug\demo.exe
c:\users\oskar\documents\skolgrejs\3dprog\03-d3d\debug\demo.pdb
c:\users\oskar\documents\skolgrejs\3dprog\3d-lab-2-rasterization\03-d3d\debug\main.obj
c:\users\oskar\documents\skolgrejs\3dprog\3d-lab-2-rasterization\03-d3d\debug\demo.ilk
c:\users\oskar\documents\skolgrejs\3dprog\3d-lab-2-rasterization\03-d3d\debug\vc140.idb
c:\users\oskar\documents\skolgrejs\3dprog\3d-lab-2-rasterization\03-d3d\debug\demo.pdb
c:\users\oskar\documents\skolgrejs\3dprog\3d-lab-2-rasterization\03-d3d\debug\vc140.pdb
c:\users\oskar\documents\skolgrejs\3dprog\3d-lab-2-rasterization\03-d3d\debug\demo.exe
c:\users\oskar\documents\skolgrejs\3dprog\3d-lab-2-rasterization\03-d3d\debug\demo.tlog\cl.command.1.tlog
c:\users\oskar\documents\skolgrejs\3dprog\3d-lab-2-rasterization\03-d3d\debug\demo.tlog\cl.read.1.tlog
c:\users\oskar\documents\skolgrejs\3dprog\3d-lab-2-rasterization\03-d3d\debug\demo.tlog\cl.write.1.tlog
c:\users\oskar\documents\skolgrejs\3dprog\3d-lab-2-rasterization\03-d3d\debug\demo.tlog\demo.write.1u.tlog
c:\users\oskar\documents\skolgrejs\3dprog\3d-lab-2-rasterization\03-d3d\debug\demo.tlog\fxc.command.1.tlog
c:\users\oskar\documents\skolgrejs\3dprog\3d-lab-2-rasterization\03-d3d\debug\demo.tlog\fxc.read.1.tlog
c:\users\oskar\documents\skolgrejs\3dprog\3d-lab-2-rasterization\03-d3d\debug\demo.tlog\fxc.write.1.tlog
c:\users\oskar\documents\skolgrejs\3dprog\3d-lab-2-rasterization\03-d3d\debug\demo.tlog\link.command.1.tlog
c:\users\oskar\documents\skolgrejs\3dprog\3d-lab-2-rasterization\03-d3d\debug\demo.tlog\link.read.1.tlog
c:\users\oskar\documents\skolgrejs\3dprog\3d-lab-2-rasterization\03-d3d\debug\demo.tlog\link.write.1.tlog
